<?xml version="1.0" encoding="UTF-8"?>
<!-- Generated by org.testng.reporters.JUnitReportReporter -->
<testsuite hostname="DESKTOP-LVNNG7C" failures="0" tests="1" name="com.qa.tn.part1_Checkout_TestCase.CheckOutTest" time="17.432" errors="0" timestamp="2024-01-12T02:24:11 EST" skipped="0">
  <testcase classname="com.qa.tn.part1_Checkout_TestCase.CheckOutTest" name="checkOutAsGuestUser" time="17.432"/>
</testsuite> <!-- com.qa.tn.part1_Checkout_TestCase.CheckOutTest -->
